#options: 592x352 fps=3/1 timebase=1/3 bitdepth=8 cabac=1 ref=1 deblock=1:0:0 analyse=0x1:0 me=dia subme=2 psy=1 psy_rd=1.00:0.00 mixed_ref=0 me_range=16 chroma_me=1 trellis=0 8x8dct=0 cqm=0 deadzone=21,11 fast_pskip=1 chroma_qp_offset=0 threads=3 lookahead_threads=1 sliced_threads=0 nr=0 decimate=1 interlaced=0 bluray_compat=0 constrained_intra=0 bframes=3 b_pyramid=2 b_adapt=2 b_bias=0 direct=3 weightb=1 open_gop=0 weightp=2 keyint=250 keyint_min=3 scenecut=40 intra_refresh=0 rc_lookahead=50 rc=abr mbtree=1 bitrate=8 ratetol=1.0 qcomp=0.60 qpmin=0 qpmax=69 qpstep=4 ip_ratio=1.40 aq=1:1.00
in:0 out:0 type:I dur:2 cpbdur:2 q:43.43 aq:33.14 tex:81518 mv:14831 misc:115 imb:814 pmb:0 smb:0 d:- ref:;
in:4 out:1 type:P dur:2 cpbdur:2 q:43.43 aq:33.71 tex:295 mv:97 misc:264 imb:3 pmb:18 smb:793 d:- ref:0 ;
in:2 out:2 type:B dur:2 cpbdur:2 q:43.43 aq:44.00 tex:0 mv:0 misc:120 imb:0 pmb:0 smb:814 d:- ref:0 ;
in:1 out:3 type:b dur:2 cpbdur:2 q:43.43 aq:46.00 tex:0 mv:0 misc:120 imb:0 pmb:0 smb:814 d:- ref:0 ;
in:3 out:4 type:b dur:2 cpbdur:2 q:43.43 aq:46.00 tex:0 mv:0 misc:120 imb:0 pmb:0 smb:814 d:- ref:0 ;
in:7 out:5 type:P dur:2 cpbdur:2 q:51.43 aq:47.03 tex:327 mv:156 misc:205 imb:2 pmb:18 smb:794 d:- ref:0 ;
in:6 out:6 type:B dur:2 cpbdur:2 q:48.76 aq:51.00 tex:0 mv:26 misc:150 imb:0 pmb:5 smb:809 d:s ref:0 ;
in:5 out:7 type:b dur:2 cpbdur:2 q:46.09 aq:50.79 tex:148 mv:125 misc:175 imb:1 pmb:16 smb:797 d:s ref:0 ;
in:10 out:8 type:P dur:2 cpbdur:2 q:59.43 aq:51.00 tex:14 mv:5 misc:141 imb:0 pmb:1 smb:813 d:s ref:0 ;
in:9 out:9 type:B dur:2 cpbdur:2 q:56.76 aq:51.00 tex:0 mv:0 misc:120 imb:0 pmb:0 smb:814 d:s ref:0 ;
in:8 out:10 type:b dur:2 cpbdur:2 q:54.09 aq:51.00 tex:0 mv:0 misc:120 imb:0 pmb:0 smb:814 d:s ref:0 ;
in:14 out:11 type:P dur:2 cpbdur:2 q:61.20 aq:51.00 tex:65 mv:72 misc:159 imb:1 pmb:8 smb:805 d:s ref:0 ;
in:12 out:12 type:B dur:2 cpbdur:2 q:60.31 aq:51.00 tex:0 mv:11 misc:149 imb:0 pmb:1 smb:813 d:s ref:0 ;
in:11 out:13 type:b dur:2 cpbdur:2 q:59.87 aq:51.00 tex:0 mv:11 misc:133 imb:0 pmb:1 smb:813 d:s ref:0 ;
in:13 out:14 type:b dur:2 cpbdur:2 q:60.76 aq:51.00 tex:0 mv:0 misc:120 imb:0 pmb:0 smb:814 d:- ref:0 ;
in:16 out:15 type:P dur:2 cpbdur:2 q:58.66 aq:51.00 tex:34 mv:22 misc:152 imb:1 pmb:1 smb:812 d:s ref:0 ;
in:15 out:16 type:b dur:2 cpbdur:2 q:59.93 aq:51.00 tex:1 mv:9 misc:126 imb:0 pmb:1 smb:813 d:s ref:0 ;
in:20 out:17 type:P dur:2 cpbdur:2 q:57.65 aq:51.00 tex:82 mv:64 misc:166 imb:1 pmb:6 smb:807 d:s ref:0 ;
in:18 out:18 type:B dur:2 cpbdur:2 q:58.16 aq:51.00 tex:0 mv:0 misc:136 imb:0 pmb:0 smb:814 d:s ref:0 ;
in:17 out:19 type:b dur:2 cpbdur:2 q:58.41 aq:51.00 tex:0 mv:27 misc:141 imb:0 pmb:2 smb:812 d:s ref:0 ;
in:19 out:20 type:b dur:2 cpbdur:2 q:57.91 aq:51.00 tex:0 mv:0 misc:120 imb:0 pmb:0 smb:814 d:- ref:0 ;
in:22 out:21 type:P dur:2 cpbdur:2 q:56.08 aq:50.00 tex:0 mv:31 misc:161 imb:0 pmb:3 smb:811 d:s ref:0 ;
in:21 out:22 type:b dur:2 cpbdur:2 q:56.87 aq:51.00 tex:0 mv:0 misc:120 imb:0 pmb:0 smb:814 d:s ref:0 ;
in:24 out:23 type:P dur:2 cpbdur:2 q:55.38 aq:50.97 tex:259 mv:96 misc:189 imb:4 pmb:8 smb:802 d:s ref:0 ;
in:23 out:24 type:b dur:2 cpbdur:2 q:55.73 aq:51.00 tex:0 mv:0 misc:120 imb:0 pmb:0 smb:814 d:s ref:0 ;
in:26 out:25 type:P dur:2 cpbdur:2 q:54.31 aq:50.53 tex:167 mv:85 misc:180 imb:3 pmb:7 smb:804 d:s ref:0 ;
in:25 out:26 type:b dur:2 cpbdur:2 q:54.84 aq:51.00 tex:0 mv:0 misc:120 imb:0 pmb:0 smb:814 d:s ref:0 ;
in:29 out:27 type:P dur:2 cpbdur:2 q:53.16 aq:46.30 tex:96 mv:75 misc:165 imb:0 pmb:11 smb:803 d:s ref:0 ;
in:28 out:28 type:B dur:2 cpbdur:2 q:53.54 aq:51.00 tex:0 mv:0 misc:120 imb:0 pmb:0 smb:814 d:s ref:0 ;
in:27 out:29 type:b dur:2 cpbdur:2 q:53.92 aq:51.00 tex:0 mv:0 misc:120 imb:0 pmb:0 smb:814 d:s ref:0 ;
in:33 out:30 type:P dur:2 cpbdur:2 q:51.46 aq:47.48 tex:493 mv:100 misc:183 imb:2 pmb:15 smb:797 d:s ref:0 ;
in:31 out:31 type:B dur:2 cpbdur:2 q:52.31 aq:51.00 tex:0 mv:0 misc:136 imb:0 pmb:0 smb:814 d:s ref:0 ;
in:30 out:32 type:b dur:2 cpbdur:2 q:52.73 aq:51.00 tex:0 mv:0 misc:120 imb:0 pmb:0 smb:814 d:s ref:0 ;
in:32 out:33 type:b dur:2 cpbdur:2 q:51.88 aq:51.00 tex:0 mv:0 misc:120 imb:0 pmb:0 smb:814 d:- ref:0 ;
in:36 out:34 type:P dur:2 cpbdur:2 q:49.27 aq:47.04 tex:599 mv:139 misc:206 imb:1 pmb:21 smb:792 d:s ref:0 ;
in:35 out:35 type:B dur:2 cpbdur:2 q:50.00 aq:51.00 tex:0 mv:0 misc:120 imb:0 pmb:0 smb:814 d:s ref:0 ;
in:34 out:36 type:b dur:2 cpbdur:2 q:50.73 aq:51.00 tex:0 mv:0 misc:120 imb:0 pmb:0 smb:814 d:s ref:0 ;
in:38 out:37 type:P dur:2 cpbdur:2 q:47.74 aq:45.80 tex:774 mv:163 misc:215 imb:3 pmb:25 smb:786 d:s ref:0 ;
in:37 out:38 type:b dur:2 cpbdur:2 q:48.51 aq:51.00 tex:0 mv:0 misc:120 imb:0 pmb:0 smb:814 d:s ref:0 ;
in:40 out:39 type:P dur:2 cpbdur:2 q:46.60 aq:41.02 tex:513 mv:61 misc:202 imb:0 pmb:14 smb:800 d:s ref:0 ;
in:39 out:40 type:b dur:2 cpbdur:2 q:47.17 aq:50.00 tex:0 mv:0 misc:120 imb:0 pmb:0 smb:814 d:s ref:0 ;
in:44 out:41 type:P dur:2 cpbdur:2 q:45.71 aq:43.05 tex:606 mv:169 misc:201 imb:1 pmb:26 smb:787 d:s ref:0 ;
in:42 out:42 type:B dur:2 cpbdur:2 q:46.16 aq:47.00 tex:11 mv:11 misc:146 imb:0 pmb:2 smb:812 d:t ref:0 ;
in:41 out:43 type:b dur:2 cpbdur:2 q:46.38 aq:49.00 tex:0 mv:11 misc:133 imb:0 pmb:2 smb:812 d:s ref:0 ;
in:43 out:44 type:b dur:2 cpbdur:2 q:45.94 aq:50.88 tex:21 mv:8 misc:131 imb:0 pmb:1 smb:813 d:- ref:0 ;
in:48 out:45 type:P dur:2 cpbdur:2 q:43.79 aq:38.79 tex:1309 mv:104 misc:227 imb:1 pmb:28 smb:785 d:s ref:0 ;
in:46 out:46 type:B dur:2 cpbdur:2 q:44.75 aq:45.00 tex:0 mv:10 misc:142 imb:0 pmb:1 smb:813 d:s ref:0 ;
in:45 out:47 type:b dur:2 cpbdur:2 q:45.23 aq:48.00 tex:0 mv:0 misc:120 imb:0 pmb:0 smb:814 d:s ref:0 ;
in:47 out:48 type:b dur:2 cpbdur:2 q:44.27 aq:47.00 tex:0 mv:0 misc:120 imb:0 pmb:0 smb:814 d:- ref:0 ;
in:52 out:49 type:P dur:2 cpbdur:2 q:41.83 aq:31.98 tex:5147 mv:423 misc:638 imb:5 pmb:140 smb:669 d:s ref:0 ;
in:50 out:50 type:B dur:2 cpbdur:2 q:42.81 aq:44.00 tex:1 mv:28 misc:147 imb:0 pmb:3 smb:811 d:s ref:0 ;
in:49 out:51 type:b dur:2 cpbdur:2 q:43.30 aq:46.00 tex:0 mv:0 misc:120 imb:0 pmb:0 smb:814 d:s ref:0 ;
in:51 out:52 type:b dur:2 cpbdur:2 q:42.32 aq:45.00 tex:0 mv:0 misc:120 imb:0 pmb:0 smb:814 d:- ref:0 ;
in:56 out:53 type:P dur:2 cpbdur:2 q:40.89 aq:31.09 tex:8083 mv:590 misc:775 imb:7 pmb:195 smb:612 d:s ref:0 ;
in:54 out:54 type:B dur:2 cpbdur:2 q:41.36 aq:42.00 tex:0 mv:3 misc:149 imb:0 pmb:1 smb:813 d:s ref:0 ;
in:53 out:55 type:b dur:2 cpbdur:2 q:41.60 aq:45.41 tex:30 mv:14 misc:132 imb:0 pmb:2 smb:812 d:s ref:0 ;
in:55 out:56 type:b dur:2 cpbdur:2 q:41.12 aq:44.00 tex:0 mv:0 misc:120 imb:0 pmb:0 smb:814 d:- ref:0 ;
in:60 out:57 type:P dur:2 cpbdur:2 q:40.66 aq:30.35 tex:5536 mv:358 misc:658 imb:2 pmb:148 smb:664 d:s ref:0 ;
in:58 out:58 type:B dur:2 cpbdur:2 q:40.78 aq:42.00 tex:0 mv:0 misc:136 imb:0 pmb:0 smb:814 d:s ref:0 ;
in:57 out:59 type:b dur:2 cpbdur:2 q:40.83 aq:44.00 tex:0 mv:0 misc:120 imb:0 pmb:0 smb:814 d:s ref:0 ;
in:59 out:60 type:b dur:2 cpbdur:2 q:40.72 aq:43.00 tex:0 mv:9 misc:127 imb:0 pmb:1 smb:813 d:- ref:0 ;
in:63 out:61 type:P dur:2 cpbdur:2 q:39.84 aq:30.41 tex:12359 mv:583 misc:882 imb:8 pmb:290 smb:516 d:s ref:0 ;
in:62 out:62 type:B dur:2 cpbdur:2 q:40.11 aq:43.00 tex:0 mv:0 misc:120 imb:0 pmb:0 smb:814 d:s ref:0 ;
in:61 out:63 type:b dur:2 cpbdur:2 q:40.39 aq:43.00 tex:0 mv:0 misc:120 imb:0 pmb:0 smb:814 d:s ref:0 ;
in:66 out:64 type:P dur:2 cpbdur:2 q:41.01 aq:31.61 tex:765 mv:141 misc:246 imb:0 pmb:29 smb:785 d:s ref:0 ;
in:65 out:65 type:B dur:2 cpbdur:2 q:40.62 aq:43.00 tex:0 mv:0 misc:120 imb:0 pmb:0 smb:814 d:s ref:0 ;
in:64 out:66 type:b dur:2 cpbdur:2 q:40.23 aq:43.00 tex:0 mv:0 misc:120 imb:0 pmb:0 smb:814 d:s ref:0 ;
in:68 out:67 type:P dur:2 cpbdur:2 q:39.68 aq:30.14 tex:5900 mv:400 misc:700 imb:1 pmb:148 smb:665 d:s ref:0 ;
in:67 out:68 type:b dur:2 cpbdur:2 q:40.35 aq:43.00 tex:0 mv:0 misc:120 imb:0 pmb:0 smb:814 d:s ref:0 ;
in:72 out:69 type:P dur:2 cpbdur:2 q:38.61 aq:29.28 tex:17529 mv:767 misc:920 imb:7 pmb:361 smb:446 d:s ref:0 ;
in:70 out:70 type:B dur:2 cpbdur:2 q:39.14 aq:40.00 tex:2 mv:56 misc:174 imb:0 pmb:9 smb:805 d:s ref:0 ;
in:69 out:71 type:b dur:2 cpbdur:2 q:39.41 aq:42.00 tex:0 mv:0 misc:120 imb:0 pmb:0 smb:814 d:s ref:0 ;
in:71 out:72 type:b dur:2 cpbdur:2 q:38.87 aq:42.00 tex:2 mv:45 misc:169 imb:0 pmb:9 smb:805 d:- ref:0 ;
in:74 out:73 type:P dur:2 cpbdur:2 q:41.45 aq:39.33 tex:567 mv:114 misc:175 imb:0 pmb:17 smb:797 d:s ref:0 ;
in:73 out:74 type:b dur:2 cpbdur:2 q:40.03 aq:43.00 tex:0 mv:0 misc:120 imb:0 pmb:0 smb:814 d:s ref:0 ;
in:78 out:75 type:P dur:2 cpbdur:2 q:40.58 aq:30.64 tex:864 mv:142 misc:194 imb:0 pmb:23 smb:791 d:s ref:0 ;
in:76 out:76 type:B dur:2 cpbdur:2 q:41.02 aq:42.00 tex:0 mv:0 misc:136 imb:0 pmb:0 smb:814 d:s ref:0 ;
in:75 out:77 type:b dur:2 cpbdur:2 q:41.23 aq:44.00 tex:0 mv:0 misc:120 imb:0 pmb:0 smb:814 d:s ref:0 ;
in:77 out:78 type:b dur:2 cpbdur:2 q:40.80 aq:44.00 tex:0 mv:0 misc:120 imb:0 pmb:0 smb:814 d:- ref:0 ;
in:82 out:79 type:P dur:2 cpbdur:2 q:39.05 aq:29.94 tex:4762 mv:293 misc:521 imb:3 pmb:99 smb:712 d:s ref:0 ;
in:80 out:80 type:B dur:2 cpbdur:2 q:39.81 aq:41.00 tex:0 mv:2 misc:150 imb:0 pmb:1 smb:813 d:s ref:0 ;
in:79 out:81 type:b dur:2 cpbdur:2 q:40.19 aq:43.00 tex:0 mv:0 misc:120 imb:0 pmb:0 smb:814 d:s ref:0 ;
in:81 out:82 type:b dur:2 cpbdur:2 q:39.43 aq:42.00 tex:1 mv:16 misc:135 imb:0 pmb:2 smb:812 d:- ref:0 ;
in:86 out:83 type:P dur:2 cpbdur:2 q:38.15 aq:28.20 tex:12702 mv:578 misc:824 imb:9 pmb:235 smb:570 d:s ref:0 ;
in:84 out:84 type:B dur:2 cpbdur:2 q:38.60 aq:39.00 tex:34 mv:98 misc:188 imb:0 pmb:12 smb:802 d:t ref:0 ;
in:83 out:85 type:b dur:2 cpbdur:2 q:38.83 aq:42.00 tex:0 mv:3 misc:133 imb:0 pmb:1 smb:813 d:s ref:0 ;
in:85 out:86 type:b dur:2 cpbdur:2 q:38.38 aq:41.00 tex:0 mv:5 misc:131 imb:0 pmb:2 smb:812 d:- ref:0 ;
in:90 out:87 type:P dur:2 cpbdur:2 q:38.84 aq:32.08 tex:2354 mv:224 misc:302 imb:2 pmb:43 smb:769 d:s ref:0 ;
in:88 out:88 type:B dur:2 cpbdur:2 q:38.50 aq:39.00 tex:27 mv:40 misc:165 imb:0 pmb:5 smb:809 d:t ref:0 ;
in:87 out:89 type:b dur:2 cpbdur:2 q:38.32 aq:41.00 tex:0 mv:3 misc:133 imb:0 pmb:1 smb:813 d:s ref:0 ;
in:89 out:90 type:b dur:2 cpbdur:2 q:38.67 aq:41.00 tex:0 mv:17 misc:135 imb:0 pmb:2 smb:812 d:- ref:0 ;
in:92 out:91 type:P dur:2 cpbdur:2 q:37.51 aq:27.58 tex:15927 mv:595 misc:926 imb:12 pmb:329 smb:473 d:s ref:0 ;
in:91 out:92 type:b dur:2 cpbdur:2 q:38.18 aq:41.00 tex:0 mv:0 misc:120 imb:0 pmb:0 smb:814 d:s ref:0 ;
in:96 out:93 type:P dur:2 cpbdur:2 q:36.55 aq:26.70 tex:21504 mv:660 misc:916 imb:9 pmb:403 smb:402 d:s ref:0 ;
in:94 out:94 type:B dur:2 cpbdur:2 q:37.03 aq:37.22 tex:274 mv:121 misc:181 imb:0 pmb:12 smb:802 d:t ref:0 ;
in:93 out:95 type:b dur:2 cpbdur:2 q:37.27 aq:40.00 tex:1 mv:7 misc:144 imb:0 pmb:3 smb:811 d:s ref:0 ;
in:95 out:96 type:b dur:2 cpbdur:2 q:36.79 aq:40.00 tex:1 mv:32 misc:151 imb:0 pmb:4 smb:810 d:- ref:0 ;
in:98 out:97 type:P dur:2 cpbdur:2 q:40.55 aq:37.33 tex:173 mv:43 misc:168 imb:0 pmb:7 smb:807 d:s ref:0 ;
in:97 out:98 type:b dur:2 cpbdur:2 q:38.55 aq:41.00 tex:0 mv:2 misc:134 imb:0 pmb:1 smb:813 d:s ref:0 ;
in:99 out:99 type:P dur:2 cpbdur:2 q:40.49 aq:36.86 tex:415 mv:36 misc:157 imb:0 pmb:7 smb:807 d:s ref:0 ;
in:101 out:100 type:P dur:2 cpbdur:2 q:40.16 aq:37.59 tex:545 mv:62 misc:193 imb:0 pmb:12 smb:802 d:s ref:0 ;
in:100 out:101 type:b dur:2 cpbdur:2 q:40.32 aq:43.00 tex:0 mv:0 misc:120 imb:0 pmb:0 smb:814 d:s ref:0 ;
in:104 out:102 type:P dur:2 cpbdur:2 q:39.49 aq:36.52 tex:1249 mv:100 misc:171 imb:2 pmb:13 smb:799 d:s ref:0 ;
in:103 out:103 type:B dur:2 cpbdur:2 q:39.72 aq:42.00 tex:0 mv:9 misc:127 imb:0 pmb:1 smb:813 d:t ref:0 ;
in:102 out:104 type:b dur:2 cpbdur:2 q:39.94 aq:43.00 tex:0 mv:0 misc:120 imb:0 pmb:0 smb:814 d:s ref:0 ;
in:105 out:105 type:P dur:2 cpbdur:2 q:38.66 aq:29.67 tex:1222 mv:75 misc:207 imb:0 pmb:18 smb:796 d:s ref:0 ;
in:106 out:106 type:P dur:2 cpbdur:2 q:38.27 aq:25.64 tex:716 mv:89 misc:219 imb:3 pmb:12 smb:799 d:s ref:0 ;
in:110 out:107 type:P dur:2 cpbdur:2 q:37.87 aq:31.74 tex:2868 mv:225 misc:251 imb:0 pmb:39 smb:775 d:s ref:0 ;
in:108 out:108 type:B dur:2 cpbdur:2 q:38.07 aq:40.41 tex:57 mv:36 misc:179 imb:0 pmb:8 smb:806 d:s ref:0 ;
in:107 out:109 type:b dur:2 cpbdur:2 q:38.17 aq:41.00 tex:0 mv:3 misc:133 imb:0 pmb:1 smb:813 d:s ref:0 ;
in:109 out:110 type:b dur:2 cpbdur:2 q:37.97 aq:41.00 tex:0 mv:24 misc:144 imb:0 pmb:4 smb:810 d:- ref:0 ;
in:114 out:111 type:P dur:2 cpbdur:2 q:37.14 aq:28.78 tex:4155 mv:237 misc:448 imb:0 pmb:76 smb:738 d:s ref:0 ;
in:112 out:112 type:B dur:2 cpbdur:2 q:37.51 aq:38.00 tex:50 mv:43 misc:163 imb:0 pmb:8 smb:806 d:s ref:0 ;
in:111 out:113 type:b dur:2 cpbdur:2 q:37.69 aq:40.00 tex:0 mv:0 misc:120 imb:0 pmb:0 smb:814 d:s ref:0 ;
in:113 out:114 type:b dur:2 cpbdur:2 q:37.33 aq:40.00 tex:1 mv:28 misc:155 imb:0 pmb:5 smb:809 d:- ref:0 ;
in:118 out:115 type:P dur:2 cpbdur:2 q:36.27 aq:25.94 tex:12481 mv:443 misc:812 imb:10 pmb:222 smb:582 d:s ref:0 ;
in:116 out:116 type:B dur:2 cpbdur:2 q:36.71 aq:40.19 tex:89 mv:62 misc:169 imb:0 pmb:9 smb:805 d:s ref:0 ;
in:115 out:117 type:b dur:2 cpbdur:2 q:36.93 aq:41.59 tex:49 mv:52 misc:131 imb:0 pmb:3 smb:811 d:s ref:0 ;
in:117 out:118 type:b dur:2 cpbdur:2 q:36.49 aq:39.00 tex:1 mv:9 misc:150 imb:0 pmb:4 smb:810 d:- ref:0 ;
in:122 out:119 type:P dur:2 cpbdur:2 q:36.84 aq:29.32 tex:4836 mv:306 misc:402 imb:2 pmb:72 smb:740 d:s ref:0 ;
in:120 out:120 type:B dur:2 cpbdur:2 q:36.55 aq:37.88 tex:415 mv:120 misc:201 imb:0 pmb:20 smb:794 d:t ref:0 ;
in:119 out:121 type:b dur:2 cpbdur:2 q:36.41 aq:39.00 tex:0 mv:13 misc:147 imb:0 pmb:3 smb:811 d:s ref:0 ;
in:121 out:122 type:b dur:2 cpbdur:2 q:36.69 aq:39.00 tex:0 mv:28 misc:164 imb:0 pmb:6 smb:808 d:- ref:0 ;
in:123 out:123 type:P dur:2 cpbdur:2 q:36.20 aq:25.88 tex:8382 mv:364 misc:694 imb:5 pmb:157 smb:652 d:s ref:0 ;
in:127 out:124 type:P dur:2 cpbdur:2 q:35.79 aq:25.96 tex:11563 mv:454 misc:735 imb:6 pmb:179 smb:629 d:s ref:0 ;
in:125 out:125 type:B dur:2 cpbdur:2 q:35.99 aq:37.13 tex:261 mv:146 misc:209 imb:0 pmb:18 smb:796 d:t ref:0 ;
in:124 out:126 type:b dur:2 cpbdur:2 q:36.09 aq:39.00 tex:0 mv:28 misc:164 imb:0 pmb:6 smb:808 d:s ref:0 ;
in:126 out:127 type:b dur:2 cpbdur:2 q:35.89 aq:39.00 tex:1 mv:35 misc:172 imb:0 pmb:8 smb:806 d:- ref:0 ;
in:131 out:128 type:P dur:2 cpbdur:2 q:37.57 aq:33.91 tex:747 mv:134 misc:199 imb:1 pmb:20 smb:793 d:s ref:0 ;
in:129 out:129 type:B dur:2 cpbdur:2 q:36.68 aq:37.00 tex:1 mv:21 misc:170 imb:0 pmb:8 smb:806 d:s ref:0 ;
in:128 out:130 type:b dur:2 cpbdur:2 q:36.24 aq:39.00 tex:0 mv:0 misc:120 imb:0 pmb:0 smb:814 d:s ref:0 ;
in:130 out:131 type:b dur:2 cpbdur:2 q:37.13 aq:40.00 tex:0 mv:6 misc:138 imb:0 pmb:2 smb:812 d:- ref:0 ;
in:133 out:132 type:P dur:2 cpbdur:2 q:36.27 aq:25.54 tex:4211 mv:275 misc:450 imb:3 pmb:67 smb:744 d:s ref:0 ;
in:132 out:133 type:b dur:2 cpbdur:2 q:36.92 aq:40.00 tex:1 mv:17 misc:174 imb:0 pmb:8 smb:806 d:t ref:0 ;
in:135 out:134 type:P dur:2 cpbdur:2 q:35.50 aq:25.98 tex:13075 mv:505 misc:804 imb:6 pmb:215 smb:593 d:s ref:0 ;
in:134 out:135 type:b dur:2 cpbdur:2 q:35.89 aq:39.00 tex:2 mv:26 misc:164 imb:0 pmb:8 smb:806 d:s ref:0 ;
in:137 out:136 type:P dur:2 cpbdur:2 q:35.47 aq:25.72 tex:4550 mv:213 misc:525 imb:2 pmb:92 smb:720 d:s ref:0 ;
in:136 out:137 type:b dur:2 cpbdur:2 q:35.48 aq:38.00 tex:0 mv:11 misc:141 imb:0 pmb:4 smb:810 d:s ref:0 ;
in:138 out:138 type:P dur:2 cpbdur:2 q:36.78 aq:32.58 tex:700 mv:74 misc:178 imb:0 pmb:14 smb:800 d:s ref:0 ;
in:140 out:139 type:P dur:2 cpbdur:2 q:37.11 aq:32.12 tex:1968 mv:199 misc:217 imb:0 pmb:31 smb:783 d:s ref:0 ;
in:139 out:140 type:b dur:2 cpbdur:2 q:36.95 aq:40.00 tex:41 mv:54 misc:153 imb:0 pmb:6 smb:808 d:s ref:0 ;
in:142 out:141 type:P dur:2 cpbdur:2 q:36.53 aq:31.97 tex:1134 mv:108 misc:182 imb:0 pmb:20 smb:794 d:s ref:0 ;
in:141 out:142 type:b dur:2 cpbdur:2 q:36.82 aq:40.00 tex:1 mv:6 misc:145 imb:0 pmb:3 smb:811 d:s ref:0 ;
in:144 out:143 type:P dur:2 cpbdur:2 q:36.16 aq:30.59 tex:2001 mv:183 misc:224 imb:1 pmb:30 smb:783 d:s ref:0 ;
in:143 out:144 type:b dur:2 cpbdur:2 q:36.35 aq:39.00 tex:2 mv:11 misc:147 imb:0 pmb:5 smb:809 d:s ref:0 ;
in:148 out:145 type:P dur:2 cpbdur:2 q:35.62 aq:27.45 tex:5521 mv:379 misc:348 imb:4 pmb:60 smb:750 d:s ref:0 ;
in:146 out:146 type:B dur:2 cpbdur:2 q:35.89 aq:39.01 tex:197 mv:153 misc:210 imb:0 pmb:21 smb:793 d:t ref:0 ;
in:145 out:147 type:b dur:2 cpbdur:2 q:36.02 aq:40.88 tex:59 mv:38 misc:159 imb:0 pmb:9 smb:805 d:s ref:0 ;
in:147 out:148 type:b dur:2 cpbdur:2 q:35.75 aq:38.00 tex:3 mv:73 misc:156 imb:1 pmb:7 smb:806 d:- ref:0 ;
in:150 out:149 type:P dur:2 cpbdur:2 q:35.42 aq:24.33 tex:5841 mv:257 misc:574 imb:4 pmb:105 smb:705 d:s ref:0 ;
in:149 out:150 type:b dur:2 cpbdur:2 q:35.52 aq:38.00 tex:2 mv:15 misc:151 imb:0 pmb:6 smb:808 d:s ref:0 ;
in:152 out:151 type:P dur:2 cpbdur:2 q:34.71 aq:24.67 tex:16056 mv:442 misc:870 imb:8 pmb:277 smb:529 d:s ref:0 ;
in:151 out:152 type:b dur:2 cpbdur:2 q:35.07 aq:38.58 tex:34 mv:31 misc:143 imb:0 pmb:6 smb:808 d:t ref:0 ;
in:154 out:153 type:P dur:2 cpbdur:2 q:34.93 aq:25.63 tex:7967 mv:320 misc:569 imb:5 pmb:117 smb:692 d:s ref:0 ;
in:153 out:154 type:b dur:2 cpbdur:2 q:34.82 aq:38.00 tex:1 mv:23 misc:160 imb:0 pmb:6 smb:808 d:s ref:0 ;
in:155 out:155 type:P dur:2 cpbdur:2 q:36.55 aq:30.94 tex:501 mv:58 misc:161 imb:1 pmb:6 smb:807 d:s ref:0 ;
in:159 out:156 type:P dur:2 cpbdur:2 q:37.27 aq:33.55 tex:2322 mv:231 misc:199 imb:1 pmb:31 smb:782 d:s ref:0 ;
in:157 out:157 type:B dur:2 cpbdur:2 q:36.91 aq:38.88 tex:99 mv:104 misc:181 imb:0 pmb:10 smb:804 d:t ref:0 ;
in:156 out:158 type:b dur:2 cpbdur:2 q:36.73 aq:39.88 tex:49 mv:32 misc:143 imb:0 pmb:5 smb:809 d:s ref:0 ;
in:158 out:159 type:b dur:2 cpbdur:2 q:37.09 aq:40.68 tex:72 mv:16 misc:136 imb:0 pmb:2 smb:812 d:- ref:0 ;
in:163 out:160 type:P dur:2 cpbdur:2 q:36.45 aq:31.57 tex:4088 mv:276 misc:236 imb:0 pmb:39 smb:775 d:- ref:0 ;
in:161 out:161 type:B dur:2 cpbdur:2 q:36.86 aq:39.43 tex:289 mv:102 misc:185 imb:0 pmb:8 smb:806 d:t ref:0 ;
in:160 out:162 type:b dur:2 cpbdur:2 q:37.06 aq:40.00 tex:0 mv:17 misc:159 imb:0 pmb:7 smb:807 d:- ref:0 ;
in:162 out:163 type:b dur:2 cpbdur:2 q:36.66 aq:40.01 tex:86 mv:44 misc:158 imb:0 pmb:6 smb:808 d:- ref:0 ;
in:167 out:164 type:P dur:2 cpbdur:2 q:35.81 aq:26.60 tex:7239 mv:416 misc:225 imb:7 pmb:37 smb:770 d:t ref:0 ;
in:165 out:165 type:B dur:2 cpbdur:2 q:36.13 aq:36.78 tex:874 mv:235 misc:219 imb:0 pmb:33 smb:781 d:s ref:0 ;
in:164 out:166 type:b dur:2 cpbdur:2 q:36.29 aq:38.92 tex:128 mv:85 misc:179 imb:0 pmb:13 smb:801 d:s ref:0 ;
in:166 out:167 type:b dur:2 cpbdur:2 q:35.97 aq:39.00 tex:2 mv:45 misc:201 imb:0 pmb:23 smb:791 d:- ref:0 ;
in:171 out:168 type:P dur:2 cpbdur:2 q:35.67 aq:27.13 tex:3510 mv:243 misc:247 imb:3 pmb:31 smb:780 d:s ref:0 ;
in:169 out:169 type:B dur:2 cpbdur:2 q:35.74 aq:37.17 tex:55 mv:94 misc:187 imb:0 pmb:13 smb:801 d:t ref:0 ;
in:168 out:170 type:b dur:2 cpbdur:2 q:35.77 aq:39.58 tex:168 mv:58 misc:158 imb:0 pmb:9 smb:805 d:s ref:0 ;
in:170 out:171 type:b dur:2 cpbdur:2 q:35.70 aq:38.00 tex:1 mv:11 misc:148 imb:0 pmb:5 smb:809 d:- ref:0 ;
in:175 out:172 type:P dur:2 cpbdur:2 q:34.92 aq:25.00 tex:5165 mv:246 misc:373 imb:1 pmb:58 smb:755 d:s ref:0 ;
in:173 out:173 type:B dur:2 cpbdur:2 q:35.30 aq:37.34 tex:44 mv:168 misc:196 imb:0 pmb:18 smb:796 d:t ref:0 ;
in:172 out:174 type:b dur:2 cpbdur:2 q:35.48 aq:40.01 tex:29 mv:41 misc:146 imb:0 pmb:6 smb:808 d:s ref:0 ;
in:174 out:175 type:b dur:2 cpbdur:2 q:35.11 aq:39.41 tex:194 mv:45 misc:161 imb:0 pmb:9 smb:805 d:- ref:0 ;
in:176 out:176 type:P dur:2 cpbdur:2 q:34.39 aq:24.72 tex:10065 mv:219 misc:668 imb:3 pmb:152 smb:659 d:s ref:0 ;
in:179 out:177 type:P dur:2 cpbdur:2 q:34.05 aq:24.86 tex:7525 mv:263 misc:644 imb:2 pmb:131 smb:681 d:s ref:0 ;
in:178 out:178 type:B dur:2 cpbdur:2 q:34.17 aq:38.03 tex:173 mv:73 misc:146 imb:0 pmb:7 smb:807 d:t ref:0 ;
in:177 out:179 type:b dur:2 cpbdur:2 q:34.28 aq:37.00 tex:1 mv:17 misc:142 imb:0 pmb:4 smb:810 d:s ref:0 ;
in:182 out:180 type:P dur:2 cpbdur:2 q:35.55 aq:29.14 tex:2839 mv:216 misc:201 imb:0 pmb:28 smb:786 d:s ref:0 ;
in:181 out:181 type:B dur:2 cpbdur:2 q:35.05 aq:39.34 tex:69 mv:125 misc:166 imb:0 pmb:11 smb:803 d:t ref:0 ;
in:180 out:182 type:b dur:2 cpbdur:2 q:34.55 aq:36.79 tex:52 mv:63 misc:181 imb:0 pmb:12 smb:802 d:s ref:0 ;
in:184 out:183 type:P dur:2 cpbdur:2 q:35.03 aq:25.03 tex:3013 mv:188 misc:223 imb:1 pmb:29 smb:784 d:t ref:0 ;
in:183 out:184 type:b dur:2 cpbdur:2 q:35.29 aq:38.00 tex:2 mv:9 misc:149 imb:0 pmb:4 smb:810 d:t ref:0 ;
in:187 out:185 type:P dur:2 cpbdur:2 q:34.43 aq:30.53 tex:3412 mv:224 misc:228 imb:0 pmb:34 smb:780 d:t ref:0 ;
in:186 out:186 type:B dur:2 cpbdur:2 q:34.63 aq:37.20 tex:78 mv:16 misc:146 imb:0 pmb:4 smb:810 d:t ref:0 ;
in:185 out:187 type:b dur:2 cpbdur:2 q:34.83 aq:38.00 tex:3 mv:10 misc:139 imb:0 pmb:4 smb:810 d:t ref:0 ;
in:188 out:188 type:P dur:2 cpbdur:2 q:34.36 aq:29.51 tex:2426 mv:164 misc:226 imb:0 pmb:31 smb:783 d:t ref:0 ;
in:190 out:189 type:P dur:2 cpbdur:2 q:34.04 aq:22.15 tex:3483 mv:207 misc:270 imb:1 pmb:34 smb:779 d:t ref:0 ;
in:189 out:190 type:b dur:2 cpbdur:2 q:34.20 aq:37.00 tex:2 mv:42 misc:156 imb:0 pmb:10 smb:804 d:s ref:0 ;
in:192 out:191 type:P dur:2 cpbdur:2 q:33.72 aq:27.56 tex:4437 mv:225 misc:346 imb:0 pmb:53 smb:761 d:t ref:0 ;
in:191 out:192 type:b dur:2 cpbdur:2 q:33.88 aq:38.25 tex:135 mv:39 misc:162 imb:0 pmb:10 smb:804 d:t ref:0 ;
in:194 out:193 type:P dur:2 cpbdur:2 q:33.57 aq:27.70 tex:5259 mv:274 misc:291 imb:0 pmb:51 smb:763 d:t ref:0 ;
in:193 out:194 type:b dur:2 cpbdur:2 q:33.65 aq:37.87 tex:105 mv:29 misc:162 imb:0 pmb:7 smb:807 d:t ref:0 ;
in:198 out:195 type:P dur:2 cpbdur:2 q:33.57 aq:27.09 tex:4781 mv:254 misc:253 imb:0 pmb:40 smb:774 d:t ref:0 ;
in:196 out:196 type:B dur:2 cpbdur:2 q:33.57 aq:35.25 tex:400 mv:143 misc:193 imb:0 pmb:15 smb:799 d:t ref:0 ;
in:195 out:197 type:b dur:2 cpbdur:2 q:33.57 aq:36.00 tex:3 mv:52 misc:169 imb:0 pmb:13 smb:801 d:s ref:0 ;
in:197 out:198 type:b dur:2 cpbdur:2 q:33.57 aq:37.87 tex:107 mv:49 misc:164 imb:0 pmb:9 smb:805 d:- ref:0 ;
in:199 out:199 type:P dur:2 cpbdur:2 q:33.75 aq:28.82 tex:2430 mv:131 misc:199 imb:0 pmb:25 smb:789 d:t ref:0 ;
in:201 out:200 type:P dur:2 cpbdur:2 q:33.43 aq:26.80 tex:5135 mv:259 misc:246 imb:0 pmb:44 smb:770 d:t ref:0 ;
in:200 out:201 type:b dur:2 cpbdur:2 q:33.59 aq:33.51 tex:76 mv:40 misc:164 imb:0 pmb:11 smb:803 d:t ref:0 ;
in:202 out:202 type:P dur:2 cpbdur:2 q:33.13 aq:27.27 tex:1699 mv:86 misc:255 imb:1 pmb:23 smb:790 d:t ref:0 ;
in:206 out:203 type:P dur:2 cpbdur:2 q:33.52 aq:30.25 tex:4232 mv:221 misc:187 imb:1 pmb:30 smb:783 d:t ref:0 ;
in:204 out:204 type:B dur:2 cpbdur:2 q:33.33 aq:35.33 tex:424 mv:97 misc:207 imb:0 pmb:11 smb:803 d:t ref:0 ;
in:203 out:205 type:b dur:2 cpbdur:2 q:33.23 aq:37.25 tex:30 mv:30 misc:156 imb:0 pmb:7 smb:807 d:t ref:0 ;
in:205 out:206 type:b dur:2 cpbdur:2 q:33.42 aq:36.49 tex:41 mv:110 misc:185 imb:0 pmb:13 smb:801 d:- ref:0 ;
in:208 out:207 type:P dur:2 cpbdur:2 q:33.13 aq:29.16 tex:2849 mv:178 misc:197 imb:0 pmb:30 smb:784 d:t ref:0 ;
in:207 out:208 type:b dur:2 cpbdur:2 q:33.32 aq:36.00 tex:6 mv:31 misc:163 imb:0 pmb:10 smb:804 d:t ref:0 ;
in:209 out:209 type:P dur:2 cpbdur:2 q:32.49 aq:28.27 tex:2448 mv:139 misc:205 imb:0 pmb:24 smb:790 d:t ref:0 ;
in:210 out:210 type:P dur:2 cpbdur:2 q:32.56 aq:29.01 tex:2666 mv:121 misc:205 imb:1 pmb:25 smb:788 d:t ref:0 ;
in:211 out:211 type:P dur:2 cpbdur:2 q:32.43 aq:28.30 tex:2914 mv:150 misc:200 imb:0 pmb:30 smb:784 d:t ref:0 ;
in:212 out:212 type:P dur:2 cpbdur:2 q:32.41 aq:27.80 tex:1053 mv:70 misc:181 imb:0 pmb:13 smb:801 d:t ref:0 ;
in:214 out:213 type:P dur:2 cpbdur:2 q:32.40 aq:28.78 tex:1989 mv:131 misc:208 imb:0 pmb:23 smb:791 d:t ref:0 ;
in:213 out:214 type:b dur:2 cpbdur:2 q:32.41 aq:35.00 tex:1 mv:42 misc:157 imb:0 pmb:9 smb:805 d:t ref:0 ;
in:215 out:215 type:P dur:2 cpbdur:2 q:32.35 aq:28.60 tex:1900 mv:125 misc:183 imb:2 pmb:19 smb:793 d:t ref:0 ;
in:216 out:216 type:P dur:2 cpbdur:2 q:32.33 aq:28.66 tex:1599 mv:110 misc:203 imb:0 pmb:23 smb:791 d:t ref:0 ;
in:217 out:217 type:P dur:2 cpbdur:2 q:32.29 aq:25.87 tex:1709 mv:123 misc:184 imb:1 pmb:19 smb:794 d:t ref:0 ;
in:219 out:218 type:P dur:2 cpbdur:2 q:32.27 aq:29.79 tex:1947 mv:148 misc:193 imb:0 pmb:22 smb:792 d:t ref:0 ;
in:218 out:219 type:b dur:2 cpbdur:2 q:32.28 aq:35.00 tex:1 mv:43 misc:156 imb:0 pmb:10 smb:804 d:t ref:0 ;
in:220 out:220 type:P dur:2 cpbdur:2 q:32.22 aq:30.17 tex:1176 mv:112 misc:184 imb:0 pmb:16 smb:798 d:t ref:0 ;
in:224 out:221 type:P dur:2 cpbdur:2 q:32.19 aq:32.95 tex:2057 mv:225 misc:230 imb:0 pmb:32 smb:782 d:t ref:0 ;
in:222 out:222 type:B dur:2 cpbdur:2 q:32.21 aq:36.11 tex:392 mv:132 misc:204 imb:0 pmb:22 smb:792 d:t ref:0 ;
in:221 out:223 type:b dur:2 cpbdur:2 q:32.21 aq:35.00 tex:7 mv:81 misc:192 imb:0 pmb:24 smb:790 d:s ref:0 ;
in:223 out:224 type:b dur:2 cpbdur:2 q:32.20 aq:35.22 tex:179 mv:102 misc:167 imb:0 pmb:13 smb:801 d:- ref:0 ;
in:226 out:225 type:P dur:2 cpbdur:2 q:32.07 aq:32.98 tex:19439 mv:1251 misc:254 imb:222 pmb:21 smb:571 d:t ref:0 ;
in:225 out:226 type:b dur:2 cpbdur:2 q:32.13 aq:34.48 tex:269 mv:513 misc:258 imb:26 pmb:214 smb:574 d:s ref:0 ;
